[03:09:38] [main/INFO]: Environment: authHost='https://authserver.mojang.com', accountsHost='https://api.mojang.com', sessionHost='https://sessionserver.mojang.com', servicesHost='https://api.minecraftservices.com', name='PROD'
[03:09:39] [main/INFO]: Reloading ResourceManager: Default, bukkit
[03:09:40] [Worker-Main-1/INFO]: Loaded 7 recipes
[03:09:43] [Server thread/INFO]: Starting minecraft server version 1.16.5
[03:09:43] [Server thread/INFO]: Loading properties
[03:09:43] [Server thread/INFO]: This server is running Paper version git-Paper-641 (MC: 1.16.5) (Implementing API version 1.16.5-R0.1-SNAPSHOT)
[03:09:43] [Server thread/INFO]: Debug logging is disabled
[03:09:43] [Server thread/INFO]: Server Ping Player Sample Count: 12
[03:09:43] [Server thread/INFO]: Using 4 threads for Netty based IO
[03:09:43] [Server thread/INFO]: Default game type: SURVIVAL
[03:09:43] [Server thread/INFO]: Generating keypair
[03:09:44] [Server thread/INFO]: Starting Minecraft server on *:1025
[03:09:44] [Server thread/INFO]: Using epoll channel type
[03:09:45] [Server thread/INFO]: [Essentials] Loading Essentials v2.18.2.0
[03:09:45] [Server thread/INFO]: Server permissions file permissions.yml is empty, ignoring it
[03:09:45] [Server thread/INFO]: Preparing level "world"
[03:09:45] [Server thread/INFO]: Preparing start region for dimension minecraft:overworld
[03:09:46] [Server thread/INFO]: Loaded 0 spawn chunks for world world
[03:09:46] [Server thread/INFO]: Preparing spawn area: 0%
[03:09:46] [Server thread/INFO]: Preparing spawn area: 0%
[03:09:46] [Server thread/INFO]: Preparing spawn area: 0%
[03:09:46] [Server thread/INFO]: Time elapsed: 1042 ms
[03:09:46] [Server thread/INFO]: Preparing start region for dimension minecraft:the_nether
[03:09:46] [Server thread/INFO]: Loaded 0 spawn chunks for world world_nether
[03:09:48] [Server thread/INFO]: Time elapsed: 1708 ms
[03:09:48] [Server thread/INFO]: Preparing start region for dimension minecraft:the_end
[03:09:48] [Server thread/INFO]: Loaded 0 spawn chunks for world world_the_end
[03:09:48] [Server thread/INFO]: Time elapsed: 498 ms
[03:09:48] [Server thread/INFO]: [Essentials] Enabling Essentials v2.18.2.0
[03:09:49] [Server thread/ERROR]: [Essentials] You are running an unsupported server version!
[03:09:49] [Server thread/INFO]: [Essentials] Attempting to convert old kits in config.yml to new kits.yml
[03:09:49] [Server thread/INFO]: [Essentials] No kits found to migrate.
[03:09:49] [Server thread/INFO]: [Essentials] Starting Essentials ban format conversion
[03:09:49] [Server thread/INFO]: [Essentials] Found 1 files to convert...
[03:09:49] [Server thread/INFO]: [Essentials] Converted 0/1
[03:09:49] [Server thread/INFO]: [Essentials] Ban format update complete.
[03:09:49] [Server thread/INFO]: [Essentials] Starting usermap repair
[03:09:49] [Server thread/INFO]: [Essentials] Reading: 0.00%
[03:09:49] [Server thread/INFO]: [Essentials] Completed usermap repair.
[03:09:49] [Server thread/INFO]: [Essentials] Attempting to migrate ignore list to UUIDs
[03:09:49] [Server thread/INFO]: [Essentials] Done converting ignore list.
[03:09:50] [Server thread/INFO]: [Essentials] Loaded 25599 items from items.json.
[03:09:50] [Server thread/INFO]: [Essentials] Using locale en_US
[03:09:51] [Server thread/INFO]: [Essentials] ServerListPingEvent: Spigot iterator API
[03:09:51] [Server thread/INFO]: [Essentials] Starting Metrics. Opt-out using the global bStats config.
[03:09:51] [Server thread/INFO]: [Essentials] Using superperms-based permissions.
[03:09:51] [Server thread/INFO]: Starting remote control listener
[03:09:51] [Server thread/INFO]: Thread RCON Listener started
[03:09:51] [Server thread/INFO]: RCON running on 0.0.0.0:1026
[03:09:51] [Server thread/INFO]: Running delayed init tasks
[03:09:51] [Server thread/INFO]: Done (8.232s)! For help, type "help"
[03:09:51] [Server thread/INFO]: Timings Reset
[03:09:57] [User Authenticator #1/INFO]: UUID of player JytteAzelle is 80bdd239-2eba-4b85-914c-ebced8e347ea
[03:09:58] [Server thread/INFO]: JytteAzelle[/127.0.0.1:57624] logged in with entity id 312 at ([world]-72.65613171427782, 11.0, 28.752316383187384)
[03:09:59] [Server thread/INFO]: JytteAzelle popped in
[03:09:59] [Server thread/WARN]: Can't keep up! Is the server overloaded? Running 5009ms or 100 ticks behind
[03:10:16] [Server thread/INFO]: JytteAzelle issued server command: /icanhasbukkit
[03:11:29] [Server thread/WARN]: Can't keep up! Is the server overloaded? Running 5038ms or 100 ticks behind
[03:11:34] [Server thread/INFO]: CONSOLE issued server command: /memory 
[03:11:34] [Server thread/INFO]: Uptime: 2 minutes 8 seconds
[03:11:34] [Server thread/INFO]: Current TPS = 17.5
[03:11:34] [Server thread/INFO]: Maximum memory: 1,024 MB.
[03:11:34] [Server thread/INFO]: Allocated memory: 1,024 MB.
[03:11:34] [Server thread/INFO]: Free memory: 592 MB.
[03:11:35] [Server thread/INFO]: World "world": 734 chunks, 390 entities, 605 tiles.
[03:11:35] [Server thread/INFO]: Nether "world_nether": 529 chunks, 107 entities, 22 tiles.
[03:11:35] [Server thread/INFO]: The End "world_the_end": 529 chunks, 10 entities, 0 tiles.
[03:11:53] [Server thread/INFO]: CONSOLE issued server command: /nick JytteAzelle honk
[03:11:54] [Server thread/INFO]: Nickname changed.
[03:12:09] [Server thread/INFO]: CONSOLE issued server command: /nick JytteAzelle
[03:12:09] [Server thread/INFO]: Change your nickname or that of another player.
[03:12:09] [Server thread/INFO]: /nick [player] <nickname|off>
[03:12:13] [Server thread/INFO]: CONSOLE issued server command: /nick JytteAzelle off
[03:12:13] [Server thread/INFO]: Nickname changed.
[03:13:30] [Server thread/INFO]: JytteAzelle issued server command: /help
[03:13:30] [Server thread/INFO]: [Essentials] JytteAzelle was denied access to command.
[03:13:34] [Server thread/INFO]: JytteAzelle issued server command: /home
[03:13:34] [Server thread/INFO]: [Essentials] JytteAzelle was denied access to command.
[03:13:48] [Server thread/INFO]: JytteAzelle issued server command: /
[03:13:50] [Server thread/WARN]: Can't keep up! Is the server overloaded? Running 5073ms or 101 ticks behind
[03:13:56] [Server thread/INFO]: JytteAzelle issued server command: /plugins
[03:15:05] [Server thread/INFO]: CONSOLE issued server command: /memory 
[03:15:05] [Server thread/INFO]: Uptime: 5 minutes 39 seconds
[03:15:05] [Server thread/INFO]: Current TPS = 20.01
[03:15:05] [Server thread/INFO]: Maximum memory: 1,024 MB.
[03:15:05] [Server thread/INFO]: Allocated memory: 1,024 MB.
[03:15:05] [Server thread/INFO]: Free memory: 270 MB.
[03:15:05] [Server thread/INFO]: World "world": 734 chunks, 387 entities, 605 tiles.
[03:15:05] [Server thread/INFO]: Nether "world_nether": 529 chunks, 107 entities, 22 tiles.
[03:15:05] [Server thread/INFO]: The End "world_the_end": 529 chunks, 10 entities, 0 tiles.
[03:20:32] [Server thread/INFO]: CONSOLE issued server command: /memory 
[03:20:32] [Server thread/INFO]: Uptime: 11 minutes 6 seconds
[03:20:32] [Server thread/INFO]: Current TPS = 18.52
[03:20:32] [Server thread/INFO]: Maximum memory: 1,024 MB.
[03:20:32] [Server thread/INFO]: Allocated memory: 1,024 MB.
[03:20:32] [Server thread/INFO]: Free memory: 497 MB.
[03:20:32] [Server thread/INFO]: World "world": 734 chunks, 396 entities, 605 tiles.
[03:20:32] [Server thread/INFO]: Nether "world_nether": 529 chunks, 107 entities, 22 tiles.
[03:20:32] [Server thread/INFO]: The End "world_the_end": 529 chunks, 10 entities, 0 tiles.
[03:32:20] [Server thread/INFO]: Saving the game (this may take a moment!)
[03:32:21] [Server thread/INFO]: Saved the game
[03:32:22] [Server thread/INFO]: Stopping the server
[03:32:22] [Server thread/INFO]: Stopping server
[03:32:22] [Server thread/INFO]: [Essentials] Disabling Essentials v2.18.2.0
[03:32:22] [Server thread/INFO]: Saving players
[03:32:22] [Server thread/INFO]: JytteAzelle lost connection: Server closed
[03:32:22] [Server thread/INFO]: JytteAzelle left the game
[03:32:22] [Server thread/INFO]: Saving worlds
[03:32:22] [Server thread/INFO]: Saving chunks for level 'ServerLevel[world]'/minecraft:overworld
[03:32:22] [Server thread/INFO]: ThreadedAnvilChunkStorage (world): All chunks are saved
[03:32:22] [Server thread/INFO]: Saving chunks for level 'ServerLevel[world_nether]'/minecraft:the_nether
[03:32:23] [Server thread/INFO]: ThreadedAnvilChunkStorage (DIM-1): All chunks are saved
[03:32:23] [Server thread/INFO]: Saving chunks for level 'ServerLevel[world_the_end]'/minecraft:the_end
[03:32:23] [Server thread/INFO]: ThreadedAnvilChunkStorage (DIM1): All chunks are saved
[03:32:23] [Server thread/INFO]: ThreadedAnvilChunkStorage (world): All chunks are saved
[03:32:23] [Server thread/INFO]: ThreadedAnvilChunkStorage (DIM-1): All chunks are saved
[03:32:23] [Server thread/INFO]: ThreadedAnvilChunkStorage (DIM1): All chunks are saved
[03:32:23] [Server thread/INFO]: Flushing Chunk IO
[03:32:23] [Server thread/INFO]: Closing Thread Pool
[03:32:23] [Server thread/INFO]: Closing Server
